{"level":"info","message":"Server running on port 3000","service":"notion-google-tasks-sync","timestamp":"2025-09-18T07:34:23.495Z"}
{"level":"info","message":"Notion-Google Tasks sync service started","service":"notion-google-tasks-sync","timestamp":"2025-09-18T07:34:23.497Z"}
{"level":"info","message":"Starting full sync between Notion and Google Tasks","service":"notion-google-tasks-sync","timestamp":"2025-09-18T07:34:28.512Z"}
{"level":"error","message":"Error fetching Notion tasks: this.notion.databases.query is not a function","service":"notion-google-tasks-sync","stack":"TypeError: this.notion.databases.query is not a function\n    at NotionService.getTasks (C:\\Users\\reyes\\Documents\\School\\Repositories\\sync-notion-with-gtasks\\src\\services\\notionService.js:16:52)\n    at SyncService.performFullSync (C:\\Users\\reyes\\Documents\\School\\Repositories\\sync-notion-with-gtasks\\src\\services\\syncService.js:33:23)\n    at Timeout._onTimeout (C:\\Users\\reyes\\Documents\\School\\Repositories\\sync-notion-with-gtasks\\server.js:83:25)\n    at listOnTimeout (node:internal/timers:594:17)\n    at process.processTimers (node:internal/timers:529:7)","timestamp":"2025-09-18T07:34:28.514Z"}
{"level":"error","message":"Full sync failed: this.notion.databases.query is not a function","service":"notion-google-tasks-sync","stack":"TypeError: this.notion.databases.query is not a function\n    at NotionService.getTasks (C:\\Users\\reyes\\Documents\\School\\Repositories\\sync-notion-with-gtasks\\src\\services\\notionService.js:16:52)\n    at SyncService.performFullSync (C:\\Users\\reyes\\Documents\\School\\Repositories\\sync-notion-with-gtasks\\src\\services\\syncService.js:33:23)\n    at Timeout._onTimeout (C:\\Users\\reyes\\Documents\\School\\Repositories\\sync-notion-with-gtasks\\server.js:83:25)\n    at listOnTimeout (node:internal/timers:594:17)\n    at process.processTimers (node:internal/timers:529:7)","timestamp":"2025-09-18T07:34:28.556Z"}
{"level":"error","message":"Initial sync failed: this.notion.databases.query is not a function","service":"notion-google-tasks-sync","stack":"TypeError: this.notion.databases.query is not a function\n    at NotionService.getTasks (C:\\Users\\reyes\\Documents\\School\\Repositories\\sync-notion-with-gtasks\\src\\services\\notionService.js:16:52)\n    at SyncService.performFullSync (C:\\Users\\reyes\\Documents\\School\\Repositories\\sync-notion-with-gtasks\\src\\services\\syncService.js:33:23)\n    at Timeout._onTimeout (C:\\Users\\reyes\\Documents\\School\\Repositories\\sync-notion-with-gtasks\\server.js:83:25)\n    at listOnTimeout (node:internal/timers:594:17)\n    at process.processTimers (node:internal/timers:529:7)","timestamp":"2025-09-18T07:34:28.556Z"}
{"code":403,"config":{"apiVersion":"","headers":{"Accept-Encoding":"gzip","Authorization":"<<REDACTED> - See `errorRedactor` option in `gaxios` for configuration>.","User-Agent":"google-api-nodejs-client/7.2.0 (gzip)","x-goog-api-client":"gdcl/7.2.0 gl-node/22.11.0"},"method":"GET","params":{"maxResults":100,"showCompleted":true,"showDeleted":false},"responseType":"unknown","retry":true,"retryConfig":{"currentRetryAttempt":0,"httpMethodsToRetry":["GET","HEAD","PUT","OPTIONS","DELETE"],"maxRetryDelay":9007199254740991,"noResponseRetries":2,"retry":3,"retryDelayMultiplier":2,"statusCodesToRetry":[[100,199],[408,408],[429,429],[500,599]],"timeOfFirstRequest":1758180869228,"totalTimeout":9007199254740991},"url":"https://tasks.googleapis.com/tasks/v1/lists/%40default/tasks?showCompleted=true&showDeleted=false&maxResults=100","userAgentDirectives":[{"comment":"gzip","product":"google-api-nodejs-client","version":"7.2.0"}]},"errors":[{"domain":"usageLimits","extendedHelp":"https://console.developers.google.com","message":"Google Tasks API has not been used in project 751923485641 before or it is disabled. Enable it by visiting https://console.developers.google.com/apis/api/tasks.googleapis.com/overview?project=751923485641 then retry. If you enabled this API recently, wait a few minutes for the action to propagate to our systems and retry.","reason":"accessNotConfigured"}],"level":"error","message":"Error fetching Google Tasks: Google Tasks API has not been used in project 751923485641 before or it is disabled. Enable it by visiting https://console.developers.google.com/apis/api/tasks.googleapis.com/overview?project=751923485641 then retry. If you enabled this API recently, wait a few minutes for the action to propagate to our systems and retry.","response":{"config":{"apiVersion":"","headers":{"Accept-Encoding":"gzip","Authorization":"<<REDACTED> - See `errorRedactor` option in `gaxios` for configuration>.","User-Agent":"google-api-nodejs-client/7.2.0 (gzip)","x-goog-api-client":"gdcl/7.2.0 gl-node/22.11.0"},"method":"GET","params":{"maxResults":100,"showCompleted":true,"showDeleted":false},"responseType":"unknown","retry":true,"url":"https://tasks.googleapis.com/tasks/v1/lists/%40default/tasks?showCompleted=true&showDeleted=false&maxResults=100","userAgentDirectives":[{"comment":"gzip","product":"google-api-nodejs-client","version":"7.2.0"}]},"data":{"error":{"code":403,"details":[{"@type":"type.googleapis.com/google.rpc.ErrorInfo","domain":"googleapis.com","metadata":{"activationUrl":"https://console.developers.google.com/apis/api/tasks.googleapis.com/overview?project=751923485641","consumer":"projects/751923485641","containerInfo":"751923485641","service":"tasks.googleapis.com","serviceTitle":"Google Tasks API"},"reason":"SERVICE_DISABLED"},{"@type":"type.googleapis.com/google.rpc.LocalizedMessage","locale":"en-US","message":"Google Tasks API has not been used in project 751923485641 before or it is disabled. Enable it by visiting https://console.developers.google.com/apis/api/tasks.googleapis.com/overview?project=751923485641 then retry. If you enabled this API recently, wait a few minutes for the action to propagate to our systems and retry."},{"@type":"type.googleapis.com/google.rpc.Help","links":[{"description":"Google developers console API activation","url":"https://console.developers.google.com/apis/api/tasks.googleapis.com/overview?project=751923485641"}]}],"errors":[{"domain":"usageLimits","extendedHelp":"https://console.developers.google.com","message":"Google Tasks API has not been used in project 751923485641 before or it is disabled. Enable it by visiting https://console.developers.google.com/apis/api/tasks.googleapis.com/overview?project=751923485641 then retry. If you enabled this API recently, wait a few minutes for the action to propagate to our systems and retry.","reason":"accessNotConfigured"}],"message":"Google Tasks API has not been used in project 751923485641 before or it is disabled. Enable it by visiting https://console.developers.google.com/apis/api/tasks.googleapis.com/overview?project=751923485641 then retry. If you enabled this API recently, wait a few minutes for the action to propagate to our systems and retry.","status":"PERMISSION_DENIED"}},"headers":{"alt-svc":"h3=\":443\"; ma=2592000,h3-29=\":443\"; ma=2592000","content-encoding":"gzip","content-type":"application/json; charset=UTF-8","date":"Thu, 18 Sep 2025 07:34:29 GMT","server":"ESF","transfer-encoding":"chunked","vary":"Origin, X-Origin, Referer","x-content-type-options":"nosniff","x-frame-options":"SAMEORIGIN","x-l2-request-path":"l2-managed-14","x-xss-protection":"0"},"request":{"responseURL":"https://tasks.googleapis.com/tasks/v1/lists/%40default/tasks?showCompleted=true&showDeleted=false&maxResults=100"},"status":403,"statusText":"Forbidden"},"service":"notion-google-tasks-sync","stack":"Error: Google Tasks API has not been used in project 751923485641 before or it is disabled. Enable it by visiting https://console.developers.google.com/apis/api/tasks.googleapis.com/overview?project=751923485641 then retry. If you enabled this API recently, wait a few minutes for the action to propagate to our systems and retry.\n    at Gaxios._request (C:\\Users\\reyes\\Documents\\School\\Repositories\\sync-notion-with-gtasks\\node_modules\\gaxios\\build\\src\\gaxios.js:142:23)\n    at process.processTicksAndRejections (node:internal/process/task_queues:105:5)\n    at async OAuth2Client.requestAsync (C:\\Users\\reyes\\Documents\\School\\Repositories\\sync-notion-with-gtasks\\node_modules\\google-auth-library\\build\\src\\auth\\oauth2client.js:429:18)\n    at async GoogleTasksService.getTasks (C:\\Users\\reyes\\Documents\\School\\Repositories\\sync-notion-with-gtasks\\src\\services\\googleTasksService.js:23:24)\n    at async Promise.all (index 1)","status":403,"timestamp":"2025-09-18T07:34:29.228Z"}
{"level":"info","message":"Server running on port 3000","service":"notion-google-tasks-sync","timestamp":"2025-09-18T07:46:13.834Z"}
{"level":"info","message":"Notion-Google Tasks sync service started","service":"notion-google-tasks-sync","timestamp":"2025-09-18T07:46:13.836Z"}
{"level":"info","message":"Starting full sync between Notion and Google Tasks","service":"notion-google-tasks-sync","timestamp":"2025-09-18T07:46:18.842Z"}
{"level":"error","message":"Error fetching Notion tasks: this.notion.databases.query is not a function","service":"notion-google-tasks-sync","stack":"TypeError: this.notion.databases.query is not a function\n    at NotionService.getTasks (C:\\Users\\reyes\\Documents\\School\\Repositories\\sync-notion-with-gtasks\\src\\services\\notionService.js:16:52)\n    at SyncService.performFullSync (C:\\Users\\reyes\\Documents\\School\\Repositories\\sync-notion-with-gtasks\\src\\services\\syncService.js:33:23)\n    at Timeout._onTimeout (C:\\Users\\reyes\\Documents\\School\\Repositories\\sync-notion-with-gtasks\\server.js:83:25)\n    at listOnTimeout (node:internal/timers:594:17)\n    at process.processTimers (node:internal/timers:529:7)","timestamp":"2025-09-18T07:46:18.845Z"}
{"level":"error","message":"Full sync failed: this.notion.databases.query is not a function","service":"notion-google-tasks-sync","stack":"TypeError: this.notion.databases.query is not a function\n    at NotionService.getTasks (C:\\Users\\reyes\\Documents\\School\\Repositories\\sync-notion-with-gtasks\\src\\services\\notionService.js:16:52)\n    at SyncService.performFullSync (C:\\Users\\reyes\\Documents\\School\\Repositories\\sync-notion-with-gtasks\\src\\services\\syncService.js:33:23)\n    at Timeout._onTimeout (C:\\Users\\reyes\\Documents\\School\\Repositories\\sync-notion-with-gtasks\\server.js:83:25)\n    at listOnTimeout (node:internal/timers:594:17)\n    at process.processTimers (node:internal/timers:529:7)","timestamp":"2025-09-18T07:46:18.887Z"}
{"level":"error","message":"Initial sync failed: this.notion.databases.query is not a function","service":"notion-google-tasks-sync","stack":"TypeError: this.notion.databases.query is not a function\n    at NotionService.getTasks (C:\\Users\\reyes\\Documents\\School\\Repositories\\sync-notion-with-gtasks\\src\\services\\notionService.js:16:52)\n    at SyncService.performFullSync (C:\\Users\\reyes\\Documents\\School\\Repositories\\sync-notion-with-gtasks\\src\\services\\syncService.js:33:23)\n    at Timeout._onTimeout (C:\\Users\\reyes\\Documents\\School\\Repositories\\sync-notion-with-gtasks\\server.js:83:25)\n    at listOnTimeout (node:internal/timers:594:17)\n    at process.processTimers (node:internal/timers:529:7)","timestamp":"2025-09-18T07:46:18.887Z"}
{"level":"info","message":"Server running on port 3000","service":"notion-google-tasks-sync","timestamp":"2025-09-18T07:47:42.230Z"}
{"level":"info","message":"Notion-Google Tasks sync service started","service":"notion-google-tasks-sync","timestamp":"2025-09-18T07:47:42.233Z"}
{"level":"error","message":"Error fetching Notion tasks: this.notion.databases.query is not a function","service":"notion-google-tasks-sync","stack":"TypeError: this.notion.databases.query is not a function\n    at NotionService.getTasks (C:\\Users\\reyes\\Documents\\School\\Repositories\\sync-notion-with-gtasks\\src\\services\\notionService.js:16:52)\n    at SyncService.performFullSync (C:\\Users\\reyes\\Documents\\School\\Repositories\\sync-notion-with-gtasks\\src\\services\\syncService.js:32:47)\n    at Timeout._onTimeout (C:\\Users\\reyes\\Documents\\School\\Repositories\\sync-notion-with-gtasks\\server.js:83:25)\n    at listOnTimeout (node:internal/timers:594:17)\n    at process.processTimers (node:internal/timers:529:7)","timestamp":"2025-09-18T07:47:47.242Z"}
{"level":"error","message":"Initial sync failed: this.notion.databases.query is not a function","service":"notion-google-tasks-sync","stack":"TypeError: this.notion.databases.query is not a function\n    at NotionService.getTasks (C:\\Users\\reyes\\Documents\\School\\Repositories\\sync-notion-with-gtasks\\src\\services\\notionService.js:16:52)\n    at SyncService.performFullSync (C:\\Users\\reyes\\Documents\\School\\Repositories\\sync-notion-with-gtasks\\src\\services\\syncService.js:32:47)\n    at Timeout._onTimeout (C:\\Users\\reyes\\Documents\\School\\Repositories\\sync-notion-with-gtasks\\server.js:83:25)\n    at listOnTimeout (node:internal/timers:594:17)\n    at process.processTimers (node:internal/timers:529:7)","timestamp":"2025-09-18T07:47:47.245Z"}
{"level":"info","message":"Server running on port 3000","service":"notion-google-tasks-sync","timestamp":"2025-09-18T07:48:05.320Z"}
{"level":"info","message":"Notion-Google Tasks sync service started","service":"notion-google-tasks-sync","timestamp":"2025-09-18T07:48:05.322Z"}
{"level":"info","message":"Server running on port 3000","service":"notion-google-tasks-sync","timestamp":"2025-09-18T07:48:10.381Z"}
{"level":"info","message":"Notion-Google Tasks sync service started","service":"notion-google-tasks-sync","timestamp":"2025-09-18T07:48:10.382Z"}
{"level":"error","message":"Error fetching Notion tasks: this.notion.databases.query is not a function","service":"notion-google-tasks-sync","stack":"TypeError: this.notion.databases.query is not a function\n    at NotionService.getTasks (C:\\Users\\reyes\\Documents\\School\\Repositories\\sync-notion-with-gtasks\\src\\services\\notionService.js:16:52)\n    at SyncService.performFullSync (C:\\Users\\reyes\\Documents\\School\\Repositories\\sync-notion-with-gtasks\\src\\services\\syncService.js:32:47)\n    at Timeout._onTimeout (C:\\Users\\reyes\\Documents\\School\\Repositories\\sync-notion-with-gtasks\\server.js:83:25)\n    at listOnTimeout (node:internal/timers:594:17)\n    at process.processTimers (node:internal/timers:529:7)","timestamp":"2025-09-18T07:48:15.393Z"}
{"level":"error","message":"Initial sync failed: this.notion.databases.query is not a function","service":"notion-google-tasks-sync","stack":"TypeError: this.notion.databases.query is not a function\n    at NotionService.getTasks (C:\\Users\\reyes\\Documents\\School\\Repositories\\sync-notion-with-gtasks\\src\\services\\notionService.js:16:52)\n    at SyncService.performFullSync (C:\\Users\\reyes\\Documents\\School\\Repositories\\sync-notion-with-gtasks\\src\\services\\syncService.js:32:47)\n    at Timeout._onTimeout (C:\\Users\\reyes\\Documents\\School\\Repositories\\sync-notion-with-gtasks\\server.js:83:25)\n    at listOnTimeout (node:internal/timers:594:17)\n    at process.processTimers (node:internal/timers:529:7)","timestamp":"2025-09-18T07:48:15.395Z"}
{"level":"info","message":"Server running on port 3000","service":"notion-google-tasks-sync","timestamp":"2025-09-18T07:49:44.043Z"}
{"level":"info","message":"Notion-Google Tasks sync service started","service":"notion-google-tasks-sync","timestamp":"2025-09-18T07:49:44.044Z"}
{"level":"error","message":"Error fetching Notion tasks: this.notion.databases.query is not a function","service":"notion-google-tasks-sync","stack":"TypeError: this.notion.databases.query is not a function\n    at NotionService.getTasks (C:\\Users\\reyes\\Documents\\School\\Repositories\\sync-notion-with-gtasks\\src\\services\\notionService.js:16:52)\n    at SyncService.performFullSync (C:\\Users\\reyes\\Documents\\School\\Repositories\\sync-notion-with-gtasks\\src\\services\\syncService.js:32:47)\n    at Timeout._onTimeout (C:\\Users\\reyes\\Documents\\School\\Repositories\\sync-notion-with-gtasks\\server.js:83:25)\n    at listOnTimeout (node:internal/timers:594:17)\n    at process.processTimers (node:internal/timers:529:7)","timestamp":"2025-09-18T07:49:49.051Z"}
{"level":"error","message":"Initial sync failed: this.notion.databases.query is not a function","service":"notion-google-tasks-sync","stack":"TypeError: this.notion.databases.query is not a function\n    at NotionService.getTasks (C:\\Users\\reyes\\Documents\\School\\Repositories\\sync-notion-with-gtasks\\src\\services\\notionService.js:16:52)\n    at SyncService.performFullSync (C:\\Users\\reyes\\Documents\\School\\Repositories\\sync-notion-with-gtasks\\src\\services\\syncService.js:32:47)\n    at Timeout._onTimeout (C:\\Users\\reyes\\Documents\\School\\Repositories\\sync-notion-with-gtasks\\server.js:83:25)\n    at listOnTimeout (node:internal/timers:594:17)\n    at process.processTimers (node:internal/timers:529:7)","timestamp":"2025-09-18T07:49:49.054Z"}
{"level":"info","message":"Server running on port 3000","service":"notion-google-tasks-sync","timestamp":"2025-09-18T07:52:28.586Z"}
{"level":"info","message":"Notion-Google Tasks sync service started","service":"notion-google-tasks-sync","timestamp":"2025-09-18T07:52:28.587Z"}
{"level":"error","message":"Error fetching Notion tasks: this.notion.databases.query is not a function","service":"notion-google-tasks-sync","stack":"TypeError: this.notion.databases.query is not a function\n    at NotionService.getTasks (C:\\Users\\reyes\\Documents\\School\\Repositories\\sync-notion-with-gtasks\\src\\services\\notionService.js:16:52)\n    at SyncService.performFullSync (C:\\Users\\reyes\\Documents\\School\\Repositories\\sync-notion-with-gtasks\\src\\services\\syncService.js:32:47)\n    at Timeout._onTimeout (C:\\Users\\reyes\\Documents\\School\\Repositories\\sync-notion-with-gtasks\\server.js:83:25)\n    at listOnTimeout (node:internal/timers:594:17)\n    at process.processTimers (node:internal/timers:529:7)","timestamp":"2025-09-18T07:52:33.602Z"}
{"level":"error","message":"Initial sync failed: this.notion.databases.query is not a function","service":"notion-google-tasks-sync","stack":"TypeError: this.notion.databases.query is not a function\n    at NotionService.getTasks (C:\\Users\\reyes\\Documents\\School\\Repositories\\sync-notion-with-gtasks\\src\\services\\notionService.js:16:52)\n    at SyncService.performFullSync (C:\\Users\\reyes\\Documents\\School\\Repositories\\sync-notion-with-gtasks\\src\\services\\syncService.js:32:47)\n    at Timeout._onTimeout (C:\\Users\\reyes\\Documents\\School\\Repositories\\sync-notion-with-gtasks\\server.js:83:25)\n    at listOnTimeout (node:internal/timers:594:17)\n    at process.processTimers (node:internal/timers:529:7)","timestamp":"2025-09-18T07:52:33.605Z"}
{"level":"info","message":"Server running on port 3000","service":"notion-google-tasks-sync","timestamp":"2025-09-18T07:53:29.619Z"}
{"level":"info","message":"Notion-Google Tasks sync service started","service":"notion-google-tasks-sync","timestamp":"2025-09-18T07:53:29.621Z"}
{"level":"info","message":"Initial sync completed","service":"notion-google-tasks-sync","timestamp":"2025-09-18T07:53:36.691Z"}
{"level":"info","message":"Server running on port 3000","service":"notion-google-tasks-sync","timestamp":"2025-09-18T07:56:43.660Z"}
{"level":"info","message":"Notion-Google Tasks sync service started","service":"notion-google-tasks-sync","timestamp":"2025-09-18T07:56:43.662Z"}
{"level":"info","message":"Initial sync completed","service":"notion-google-tasks-sync","timestamp":"2025-09-18T07:56:50.565Z"}
{"level":"info","message":"Server running on port 3000","service":"notion-google-tasks-sync","timestamp":"2025-09-18T07:58:53.994Z"}
{"level":"info","message":"Notion-Google Tasks sync service started","service":"notion-google-tasks-sync","timestamp":"2025-09-18T07:58:53.996Z"}
{"level":"info","message":"Server running on port 3000","service":"notion-google-tasks-sync","timestamp":"2025-09-18T07:59:01.831Z"}
{"level":"info","message":"Notion-Google Tasks sync service started","service":"notion-google-tasks-sync","timestamp":"2025-09-18T07:59:01.833Z"}
{"level":"info","message":"Initial sync completed","service":"notion-google-tasks-sync","timestamp":"2025-09-18T07:59:08.536Z"}
{"level":"info","message":"Server running on port 3000","service":"notion-google-tasks-sync","timestamp":"2025-09-18T08:06:45.191Z"}
{"level":"info","message":"Notion-Google Tasks sync service started","service":"notion-google-tasks-sync","timestamp":"2025-09-18T08:06:45.193Z"}
{"level":"info","message":"Initial sync completed","service":"notion-google-tasks-sync","timestamp":"2025-09-18T08:06:52.325Z"}
{"level":"info","message":"🚀 Server running on port 3000","service":"notion-google-tasks-sync","timestamp":"2025-09-18T08:11:40.939Z"}
{"level":"info","message":"📋 Notion-Google Tasks sync service started","service":"notion-google-tasks-sync","timestamp":"2025-09-18T08:11:40.941Z"}
{"level":"info","message":"🔄 Running initial sync...","service":"notion-google-tasks-sync","timestamp":"2025-09-18T08:11:45.947Z"}
{"level":"info","message":"✅ Initial sync completed","service":"notion-google-tasks-sync","timestamp":"2025-09-18T08:11:51.026Z"}
{"level":"info","message":"🔄 Starting scheduled sync","service":"notion-google-tasks-sync","timestamp":"2025-09-18T08:12:00.165Z"}
{"level":"info","message":"✅ Scheduled sync completed","service":"notion-google-tasks-sync","timestamp":"2025-09-18T08:12:01.497Z"}
{"level":"info","message":"🚀 Server running on port 3000","service":"notion-google-tasks-sync","timestamp":"2025-09-18T08:12:52.082Z"}
{"level":"info","message":"📋 Notion-Google Tasks sync service started","service":"notion-google-tasks-sync","timestamp":"2025-09-18T08:12:52.084Z"}
{"level":"info","message":"🔄 Running initial sync...","service":"notion-google-tasks-sync","timestamp":"2025-09-18T08:12:57.095Z"}
{"level":"info","message":"🚀 Server running on port 3000","service":"notion-google-tasks-sync","timestamp":"2025-09-18T08:14:38.840Z"}
{"level":"info","message":"📋 Notion-Google Tasks sync service started","service":"notion-google-tasks-sync","timestamp":"2025-09-18T08:14:38.842Z"}
{"level":"info","message":"🔄 Running initial sync...","service":"notion-google-tasks-sync","timestamp":"2025-09-18T08:14:43.842Z"}
{"level":"info","message":"✅ Initial sync completed","service":"notion-google-tasks-sync","timestamp":"2025-09-18T08:15:34.716Z"}
{"level":"info","message":"🔄 Starting scheduled sync","service":"notion-google-tasks-sync","timestamp":"2025-09-18T08:16:00.712Z"}
{"level":"info","message":"✅ Scheduled sync completed","service":"notion-google-tasks-sync","timestamp":"2025-09-18T08:16:04.457Z"}
{"level":"info","message":"🔄 Starting scheduled sync","service":"notion-google-tasks-sync","timestamp":"2025-09-18T08:18:00.918Z"}
{"level":"info","message":"✅ Scheduled sync completed","service":"notion-google-tasks-sync","timestamp":"2025-09-18T08:18:30.413Z"}
{"level":"info","message":"🔄 Starting scheduled sync","service":"notion-google-tasks-sync","timestamp":"2025-09-18T08:20:00.207Z"}
{"level":"info","message":"✅ Scheduled sync completed","service":"notion-google-tasks-sync","timestamp":"2025-09-18T08:20:31.314Z"}
{"level":"info","message":"🔄 Starting scheduled sync","service":"notion-google-tasks-sync","timestamp":"2025-09-18T08:22:00.428Z"}
{"level":"info","message":"✅ Scheduled sync completed","service":"notion-google-tasks-sync","timestamp":"2025-09-18T08:22:15.055Z"}
{"level":"info","message":"🚀 Server running on port 3000","service":"notion-google-tasks-sync","timestamp":"2025-09-18T08:22:46.613Z"}
{"level":"info","message":"📋 Notion-Google Tasks sync service started","service":"notion-google-tasks-sync","timestamp":"2025-09-18T08:22:46.616Z"}
{"level":"info","message":"🔄 Running initial sync...","service":"notion-google-tasks-sync","timestamp":"2025-09-18T08:22:51.619Z"}
{"level":"info","message":"✅ Initial sync completed","service":"notion-google-tasks-sync","timestamp":"2025-09-18T08:23:10.237Z"}
{"level":"info","message":"🔄 Starting scheduled sync","service":"notion-google-tasks-sync","timestamp":"2025-09-18T08:24:00.412Z"}
{"level":"info","message":"✅ Scheduled sync completed","service":"notion-google-tasks-sync","timestamp":"2025-09-18T08:24:17.553Z"}
{"level":"info","message":"🔄 Starting scheduled sync","service":"notion-google-tasks-sync","timestamp":"2025-09-18T08:26:00.619Z"}
{"level":"info","message":"✅ Scheduled sync completed","service":"notion-google-tasks-sync","timestamp":"2025-09-18T08:26:16.879Z"}
{"level":"info","message":"🔄 Starting scheduled sync","service":"notion-google-tasks-sync","timestamp":"2025-09-18T08:28:00.844Z"}
{"level":"info","message":"✅ Scheduled sync completed","service":"notion-google-tasks-sync","timestamp":"2025-09-18T08:28:23.227Z"}
{"level":"info","message":"🚀 Server running on port 3000","service":"notion-google-tasks-sync","timestamp":"2025-09-18T08:28:41.169Z"}
{"level":"info","message":"📋 Notion-Google Tasks sync service started","service":"notion-google-tasks-sync","timestamp":"2025-09-18T08:28:41.171Z"}
{"level":"info","message":"🔄 Running initial sync...","service":"notion-google-tasks-sync","timestamp":"2025-09-18T08:28:46.184Z"}
{"level":"info","message":"✅ Initial sync completed","service":"notion-google-tasks-sync","timestamp":"2025-09-18T08:28:59.263Z"}
{"level":"info","message":"🔄 Starting scheduled sync","service":"notion-google-tasks-sync","timestamp":"2025-09-18T08:30:00.041Z"}
{"level":"info","message":"✅ Scheduled sync completed","service":"notion-google-tasks-sync","timestamp":"2025-09-18T08:30:05.911Z"}
{"level":"info","message":"🔄 Starting scheduled sync","service":"notion-google-tasks-sync","timestamp":"2025-09-18T08:32:00.281Z"}
{"level":"info","message":"✅ Scheduled sync completed","service":"notion-google-tasks-sync","timestamp":"2025-09-18T08:32:05.362Z"}
{"level":"info","message":"🚀 Server running on port 3000","service":"notion-google-tasks-sync","timestamp":"2025-09-18T08:32:51.837Z"}
{"level":"info","message":"📋 Notion-Google Tasks sync service started","service":"notion-google-tasks-sync","timestamp":"2025-09-18T08:32:51.839Z"}
{"level":"info","message":"🔄 Running initial sync...","service":"notion-google-tasks-sync","timestamp":"2025-09-18T08:32:56.854Z"}
{"level":"info","message":"✅ Initial sync completed","service":"notion-google-tasks-sync","timestamp":"2025-09-18T08:33:26.627Z"}
{"level":"info","message":"🔄 Starting scheduled sync","service":"notion-google-tasks-sync","timestamp":"2025-09-18T08:34:00.528Z"}
{"level":"info","message":"✅ Scheduled sync completed","service":"notion-google-tasks-sync","timestamp":"2025-09-18T08:34:09.170Z"}
{"level":"info","message":"🔄 Starting scheduled sync","service":"notion-google-tasks-sync","timestamp":"2025-09-18T08:36:00.763Z"}
{"level":"info","message":"✅ Scheduled sync completed","service":"notion-google-tasks-sync","timestamp":"2025-09-18T08:36:07.636Z"}
{"level":"info","message":"🔄 Starting scheduled sync","service":"notion-google-tasks-sync","timestamp":"2025-09-18T08:38:00.916Z"}
{"level":"info","message":"✅ Scheduled sync completed","service":"notion-google-tasks-sync","timestamp":"2025-09-18T08:38:05.704Z"}
{"level":"info","message":"🚀 Server running on port 3000","service":"notion-google-tasks-sync","timestamp":"2025-09-18T08:38:54.323Z"}
{"level":"info","message":"📋 Notion-Google Tasks sync service started","service":"notion-google-tasks-sync","timestamp":"2025-09-18T08:38:54.325Z"}
{"level":"info","message":"🔄 Running initial sync...","service":"notion-google-tasks-sync","timestamp":"2025-09-18T08:38:59.339Z"}
{"level":"info","message":"✅ Initial sync completed","service":"notion-google-tasks-sync","timestamp":"2025-09-18T08:39:08.555Z"}
{"level":"info","message":"🚀 Server running on port 3000","service":"notion-google-tasks-sync","timestamp":"2025-09-18T08:39:12.642Z"}
{"level":"info","message":"📋 Notion-Google Tasks sync service started","service":"notion-google-tasks-sync","timestamp":"2025-09-18T08:39:12.644Z"}
{"level":"info","message":"🔄 Running initial sync...","service":"notion-google-tasks-sync","timestamp":"2025-09-18T08:39:17.656Z"}
{"level":"info","message":"✅ Initial sync completed","service":"notion-google-tasks-sync","timestamp":"2025-09-18T08:39:48.398Z"}
{"level":"info","message":"🚀 Server running on port 3000","service":"notion-google-tasks-sync","timestamp":"2025-09-18T08:39:54.133Z"}
{"level":"info","message":"📋 Notion-Google Tasks sync service started","service":"notion-google-tasks-sync","timestamp":"2025-09-18T08:39:54.135Z"}
{"level":"info","message":"🔄 Running initial sync...","service":"notion-google-tasks-sync","timestamp":"2025-09-18T08:39:59.144Z"}
{"level":"info","message":"🔄 Starting scheduled sync","service":"notion-google-tasks-sync","timestamp":"2025-09-18T08:40:00.235Z"}
{"level":"info","message":"✅ Scheduled sync completed","service":"notion-google-tasks-sync","timestamp":"2025-09-18T08:40:00.237Z"}
{"level":"info","message":"✅ Initial sync completed","service":"notion-google-tasks-sync","timestamp":"2025-09-18T08:40:12.091Z"}
{"level":"info","message":"🚀 Server running on port 3000","service":"notion-google-tasks-sync","timestamp":"2025-09-18T08:41:05.588Z"}
{"level":"info","message":"📋 Notion-Google Tasks sync service started","service":"notion-google-tasks-sync","timestamp":"2025-09-18T08:41:05.590Z"}
{"level":"info","message":"🔄 Running initial sync...","service":"notion-google-tasks-sync","timestamp":"2025-09-18T08:41:10.601Z"}
{"level":"info","message":"✅ Initial sync completed","service":"notion-google-tasks-sync","timestamp":"2025-09-18T08:41:23.385Z"}
{"level":"info","message":"🔄 Starting scheduled sync","service":"notion-google-tasks-sync","timestamp":"2025-09-18T08:42:00.262Z"}
{"level":"info","message":"✅ Scheduled sync completed","service":"notion-google-tasks-sync","timestamp":"2025-09-18T08:42:09.322Z"}
{"level":"info","message":"🔄 Starting scheduled sync","service":"notion-google-tasks-sync","timestamp":"2025-09-18T08:44:00.470Z"}
{"level":"info","message":"✅ Scheduled sync completed","service":"notion-google-tasks-sync","timestamp":"2025-09-18T08:44:10.981Z"}
{"level":"info","message":"🚀 Server running on port 3000","service":"notion-google-tasks-sync","timestamp":"2025-09-18T08:44:47.267Z"}
{"level":"info","message":"📋 Notion-Google Tasks sync service started","service":"notion-google-tasks-sync","timestamp":"2025-09-18T08:44:47.268Z"}
{"level":"info","message":"🔄 Running initial sync...","service":"notion-google-tasks-sync","timestamp":"2025-09-18T08:44:52.278Z"}
{"level":"info","message":"✅ Initial sync completed","service":"notion-google-tasks-sync","timestamp":"2025-09-18T08:45:01.938Z"}
{"level":"info","message":"🚀 Server running on port 3000","service":"notion-google-tasks-sync","timestamp":"2025-09-18T08:45:16.641Z"}
{"level":"info","message":"📋 Notion-Google Tasks sync service started","service":"notion-google-tasks-sync","timestamp":"2025-09-18T08:45:16.644Z"}
{"level":"info","message":"🔄 Running initial sync...","service":"notion-google-tasks-sync","timestamp":"2025-09-18T08:45:21.646Z"}
{"level":"info","message":"✅ Initial sync completed","service":"notion-google-tasks-sync","timestamp":"2025-09-18T08:45:32.748Z"}
{"level":"info","message":"🔄 Starting scheduled sync","service":"notion-google-tasks-sync","timestamp":"2025-09-18T08:46:00.136Z"}
{"level":"info","message":"🚀 Server running on port 3000","service":"notion-google-tasks-sync","timestamp":"2025-09-18T08:47:02.429Z"}
{"level":"info","message":"📋 Notion-Google Tasks sync service started","service":"notion-google-tasks-sync","timestamp":"2025-09-18T08:47:02.431Z"}
{"level":"info","message":"🔄 Running initial sync...","service":"notion-google-tasks-sync","timestamp":"2025-09-18T08:47:07.446Z"}
{"level":"info","message":"✅ Initial sync completed","service":"notion-google-tasks-sync","timestamp":"2025-09-18T08:47:34.741Z"}
{"level":"info","message":"🔄 Starting scheduled sync","service":"notion-google-tasks-sync","timestamp":"2025-09-18T08:48:00.041Z"}
{"level":"info","message":"✅ Scheduled sync completed","service":"notion-google-tasks-sync","timestamp":"2025-09-18T08:48:10.984Z"}
{"level":"info","message":"🔄 Starting scheduled sync","service":"notion-google-tasks-sync","timestamp":"2025-09-18T08:50:00.206Z"}
{"cause":{"code":"UND_ERR_CONNECT_TIMEOUT","name":"ConnectTimeoutError"},"level":"error","message":"❌ Scheduled sync failed: fetch failed","service":"notion-google-tasks-sync","stack":"TypeError: fetch failed\n    at node:internal/deps/undici/undici:13392:13\n    at process.processTicksAndRejections (node:internal/process/task_queues:105:5)\n    at async Client.request (C:\\Users\\reyes\\Documents\\School\\Repositories\\sync-notion-with-gtasks\\node_modules\\@notionhq\\client\\build\\src\\Client.js:521:30)\n    at async NotionService.getTasks (C:\\Users\\reyes\\Documents\\School\\Repositories\\sync-notion-with-gtasks\\src\\services\\notionService.js:34:22)\n    at async Promise.all (index 0)\n    at async SyncService.performFullSync (C:\\Users\\reyes\\Documents\\School\\Repositories\\sync-notion-with-gtasks\\src\\services\\syncService.js:31:42)\n    at async Task._execution (C:\\Users\\reyes\\Documents\\School\\Repositories\\sync-notion-with-gtasks\\server.js:59:5)","timestamp":"2025-09-18T08:50:10.911Z"}
{"level":"info","message":"🔄 Starting scheduled sync","service":"notion-google-tasks-sync","timestamp":"2025-09-18T08:52:00.393Z"}
{"level":"info","message":"✅ Scheduled sync completed","service":"notion-google-tasks-sync","timestamp":"2025-09-18T08:52:11.687Z"}
{"level":"info","message":"🚀 Server running on port 3000","service":"notion-google-tasks-sync","timestamp":"2025-09-18T08:52:24.446Z"}
{"level":"info","message":"📋 Notion-Google Tasks sync service started","service":"notion-google-tasks-sync","timestamp":"2025-09-18T08:52:24.448Z"}
{"level":"info","message":"🔄 Running initial sync...","service":"notion-google-tasks-sync","timestamp":"2025-09-18T08:52:29.450Z"}
{"level":"info","message":"✅ Initial sync completed","service":"notion-google-tasks-sync","timestamp":"2025-09-18T08:52:37.427Z"}
{"level":"info","message":"🚀 Server running on port 3000","service":"notion-google-tasks-sync","timestamp":"2025-09-18T08:52:53.637Z"}
{"level":"info","message":"📋 Notion-Google Tasks sync service started","service":"notion-google-tasks-sync","timestamp":"2025-09-18T08:52:53.639Z"}
{"level":"info","message":"🔄 Running initial sync...","service":"notion-google-tasks-sync","timestamp":"2025-09-18T08:52:58.650Z"}
{"level":"info","message":"✅ Initial sync completed","service":"notion-google-tasks-sync","timestamp":"2025-09-18T08:53:07.401Z"}
{"level":"info","message":"🔄 Starting scheduled sync","service":"notion-google-tasks-sync","timestamp":"2025-09-18T08:54:00.342Z"}
{"level":"info","message":"✅ Scheduled sync completed","service":"notion-google-tasks-sync","timestamp":"2025-09-18T08:54:05.884Z"}
{"level":"info","message":"🚀 Server running on port 3000","service":"notion-google-tasks-sync","timestamp":"2025-09-18T08:55:50.011Z"}
{"level":"info","message":"📋 Notion-Google Tasks sync service started","service":"notion-google-tasks-sync","timestamp":"2025-09-18T08:55:50.013Z"}
{"level":"info","message":"🔄 Running initial sync...","service":"notion-google-tasks-sync","timestamp":"2025-09-18T08:55:55.024Z"}
{"level":"info","message":"🔄 Starting scheduled sync","service":"notion-google-tasks-sync","timestamp":"2025-09-18T08:56:00.191Z"}
{"level":"info","message":"✅ Scheduled sync completed","service":"notion-google-tasks-sync","timestamp":"2025-09-18T08:56:00.192Z"}
{"level":"info","message":"✅ Initial sync completed","service":"notion-google-tasks-sync","timestamp":"2025-09-18T08:56:10.909Z"}
{"level":"info","message":"🚀 Server running on port 3000","service":"notion-google-tasks-sync","timestamp":"2025-09-18T08:56:35.194Z"}
{"level":"info","message":"📋 Notion-Google Tasks sync service started","service":"notion-google-tasks-sync","timestamp":"2025-09-18T08:56:35.196Z"}
{"level":"info","message":"🔄 Running initial sync...","service":"notion-google-tasks-sync","timestamp":"2025-09-18T08:56:40.210Z"}
{"level":"info","message":"✅ Initial sync completed","service":"notion-google-tasks-sync","timestamp":"2025-09-18T08:56:59.217Z"}
{"level":"info","message":"🚀 Server running on port 3000","service":"notion-google-tasks-sync","timestamp":"2025-09-18T08:57:39.077Z"}
{"level":"info","message":"📋 Notion-Google Tasks sync service started","service":"notion-google-tasks-sync","timestamp":"2025-09-18T08:57:39.079Z"}
{"level":"info","message":"🔄 Running initial sync...","service":"notion-google-tasks-sync","timestamp":"2025-09-18T08:57:44.080Z"}
{"level":"info","message":"✅ Initial sync completed","service":"notion-google-tasks-sync","timestamp":"2025-09-18T08:57:52.731Z"}
{"level":"info","message":"🔄 Starting scheduled sync","service":"notion-google-tasks-sync","timestamp":"2025-09-18T08:58:00.352Z"}
{"level":"info","message":"✅ Scheduled sync completed","service":"notion-google-tasks-sync","timestamp":"2025-09-18T08:58:05.829Z"}
{"level":"info","message":"🚀 Server running on port 3000","service":"notion-google-tasks-sync","timestamp":"2025-09-18T08:58:49.521Z"}
{"level":"info","message":"📋 Notion-Google Tasks sync service started","service":"notion-google-tasks-sync","timestamp":"2025-09-18T08:58:49.523Z"}
{"level":"info","message":"🔄 Running initial sync...","service":"notion-google-tasks-sync","timestamp":"2025-09-18T08:58:54.533Z"}
{"level":"info","message":"✅ Initial sync completed","service":"notion-google-tasks-sync","timestamp":"2025-09-18T08:59:14.912Z"}
{"level":"info","message":"🔄 Starting scheduled sync","service":"notion-google-tasks-sync","timestamp":"2025-09-18T09:00:00.344Z"}
{"level":"info","message":"✅ Scheduled sync completed","service":"notion-google-tasks-sync","timestamp":"2025-09-18T09:00:13.174Z"}
{"level":"info","message":"🚀 Server running on port 3000","service":"notion-google-tasks-sync","timestamp":"2025-09-18T09:02:40.097Z"}
{"level":"info","message":"📋 Notion-Google Tasks sync service started","service":"notion-google-tasks-sync","timestamp":"2025-09-18T09:02:40.099Z"}
{"level":"info","message":"🔄 Running initial sync...","service":"notion-google-tasks-sync","timestamp":"2025-09-18T09:02:45.104Z"}
{"level":"info","message":"✅ Initial sync completed","service":"notion-google-tasks-sync","timestamp":"2025-09-18T09:02:58.598Z"}
{"level":"info","message":"🔄 Starting scheduled sync","service":"notion-google-tasks-sync","timestamp":"2025-09-18T09:04:00.020Z"}
{"level":"info","message":"✅ Scheduled sync completed","service":"notion-google-tasks-sync","timestamp":"2025-09-18T09:04:07.882Z"}
{"level":"info","message":"🚀 Server running on port 3000","service":"notion-google-tasks-sync","timestamp":"2025-09-18T09:05:24.938Z"}
{"level":"info","message":"📋 Notion-Google Tasks sync service started","service":"notion-google-tasks-sync","timestamp":"2025-09-18T09:05:24.941Z"}
{"level":"info","message":"🔄 Running initial sync...","service":"notion-google-tasks-sync","timestamp":"2025-09-18T09:05:29.941Z"}
{"level":"info","message":"🚀 Server running on port 3000","service":"notion-google-tasks-sync","timestamp":"2025-09-18T09:05:49.457Z"}
{"level":"info","message":"📋 Notion-Google Tasks sync service started","service":"notion-google-tasks-sync","timestamp":"2025-09-18T09:05:49.459Z"}
{"level":"info","message":"🔄 Running initial sync...","service":"notion-google-tasks-sync","timestamp":"2025-09-18T09:05:54.470Z"}
{"level":"info","message":"🔄 Starting scheduled sync","service":"notion-google-tasks-sync","timestamp":"2025-09-18T09:06:00.628Z"}
{"level":"info","message":"✅ Scheduled sync completed","service":"notion-google-tasks-sync","timestamp":"2025-09-18T09:06:00.629Z"}
{"level":"info","message":"✅ Initial sync completed","service":"notion-google-tasks-sync","timestamp":"2025-09-18T09:06:03.346Z"}
{"level":"info","message":"🚀 Server running on port 3000","service":"notion-google-tasks-sync","timestamp":"2025-09-18T09:07:30.704Z"}
{"level":"info","message":"📋 Notion-Google Tasks sync service started","service":"notion-google-tasks-sync","timestamp":"2025-09-18T09:07:30.708Z"}
{"level":"info","message":"🔄 Running initial sync...","service":"notion-google-tasks-sync","timestamp":"2025-09-18T09:07:35.723Z"}
{"level":"info","message":"✅ Initial sync completed","service":"notion-google-tasks-sync","timestamp":"2025-09-18T09:07:45.164Z"}
{"level":"info","message":"🔄 Starting scheduled sync","service":"notion-google-tasks-sync","timestamp":"2025-09-18T09:08:00.112Z"}
{"level":"info","message":"✅ Scheduled sync completed","service":"notion-google-tasks-sync","timestamp":"2025-09-18T09:08:08.281Z"}
{"level":"info","message":"🚀 Server running on port 3000","service":"notion-google-tasks-sync","timestamp":"2025-09-18T09:08:35.347Z"}
{"level":"info","message":"📋 Notion-Google Tasks sync service started","service":"notion-google-tasks-sync","timestamp":"2025-09-18T09:08:35.349Z"}
{"level":"info","message":"🔄 Running initial sync...","service":"notion-google-tasks-sync","timestamp":"2025-09-18T09:08:40.356Z"}
{"level":"info","message":"✅ Initial sync completed","service":"notion-google-tasks-sync","timestamp":"2025-09-18T09:08:46.910Z"}
{"level":"info","message":"🔄 Starting scheduled sync","service":"notion-google-tasks-sync","timestamp":"2025-09-18T09:10:00.292Z"}
{"level":"info","message":"✅ Scheduled sync completed","service":"notion-google-tasks-sync","timestamp":"2025-09-18T09:10:07.564Z"}
{"level":"info","message":"🚀 Server running on port 3000","service":"notion-google-tasks-sync","timestamp":"2025-09-18T09:10:16.766Z"}
{"level":"info","message":"📋 Notion-Google Tasks sync service started","service":"notion-google-tasks-sync","timestamp":"2025-09-18T09:10:16.767Z"}
{"level":"info","message":"🔄 Running initial sync...","service":"notion-google-tasks-sync","timestamp":"2025-09-18T09:10:21.778Z"}
{"level":"info","message":"✅ Initial sync completed","service":"notion-google-tasks-sync","timestamp":"2025-09-18T09:10:33.153Z"}
{"level":"info","message":"🚀 Server running on port 3000","service":"notion-google-tasks-sync","timestamp":"2025-09-18T09:10:41.283Z"}
{"level":"info","message":"📋 Notion-Google Tasks sync service started","service":"notion-google-tasks-sync","timestamp":"2025-09-18T09:10:41.285Z"}
{"level":"info","message":"🔄 Running initial sync...","service":"notion-google-tasks-sync","timestamp":"2025-09-18T09:10:46.300Z"}
{"level":"info","message":"✅ Initial sync completed","service":"notion-google-tasks-sync","timestamp":"2025-09-18T09:10:55.745Z"}
{"level":"info","message":"🔄 Starting scheduled sync","service":"notion-google-tasks-sync","timestamp":"2025-09-18T09:12:00.083Z"}
{"level":"info","message":"✅ Scheduled sync completed","service":"notion-google-tasks-sync","timestamp":"2025-09-18T09:12:06.181Z"}
{"level":"info","message":"🔄 Starting scheduled sync","service":"notion-google-tasks-sync","timestamp":"2025-09-18T09:14:00.267Z"}
{"level":"info","message":"✅ Scheduled sync completed","service":"notion-google-tasks-sync","timestamp":"2025-09-18T09:14:05.635Z"}
{"level":"info","message":"🔄 Starting scheduled sync","service":"notion-google-tasks-sync","timestamp":"2025-09-18T09:16:00.500Z"}
{"level":"info","message":"✅ Scheduled sync completed","service":"notion-google-tasks-sync","timestamp":"2025-09-18T09:16:06.958Z"}
{"level":"info","message":"🔄 Starting scheduled sync","service":"notion-google-tasks-sync","timestamp":"2025-09-18T09:18:00.634Z"}
{"level":"info","message":"✅ Scheduled sync completed","service":"notion-google-tasks-sync","timestamp":"2025-09-18T09:18:11.413Z"}
{"level":"info","message":"🔄 Starting scheduled sync","service":"notion-google-tasks-sync","timestamp":"2025-09-18T09:20:00.823Z"}
{"level":"info","message":"✅ Scheduled sync completed","service":"notion-google-tasks-sync","timestamp":"2025-09-18T09:20:09.848Z"}
